<testsuites id="" name="" tests="6" failures="0" skipped="0" errors="0" time="6.48715">
<testsuite name="alertsFrames.spec.js" timestamp="2025-08-12T17:04:21.639Z" hostname="" tests="1" failures="0" skipped="0" time="0.107" errors="0">
<testcase name="TC01_ALERTS_FRAMES_WINDOWS_pVE Handle Alert" classname="alertsFrames.spec.js" time="0.107">
</testcase>
</testsuite>
<testsuite name="dragAndDrop.spec.js" timestamp="2025-08-12T17:04:21.639Z" hostname="" tests="1" failures="0" skipped="0" time="0.918" errors="0">
<testcase name="TC01_WIDGETS_pVE Get Mouse Hover Tool Tips Text and Verify" classname="dragAndDrop.spec.js" time="0.918">
</testcase>
</testsuite>
<testsuite name="elements.spec.js" timestamp="2025-08-12T17:04:21.639Z" hostname="" tests="4" failures="0" skipped="0" time="1.45" errors="0">
<testcase name="TC01_ELEMENTS_nVE Submit Text Boxes Data and Verify" classname="elements.spec.js" time="0.37">
<properties>
<property name="fail" value="">
</property>
</properties>
<system-out>
<![CDATA[
[[ATTACHMENT|../reports/test-results/elements-TC01-ELEMENTS-nVE-Submit-Text-Boxes-Data-and-Verify/test-failed-1.png]]

[[ATTACHMENT|../reports/test-results/elements-TC01-ELEMENTS-nVE-Submit-Text-Boxes-Data-and-Verify/error-context.md]]
]]>
</system-out>
</testcase>
<testcase name="TC04_ELEMENTS_pVE Select Radio Button" classname="elements.spec.js" time="0.175">
</testcase>
<testcase name="TC07_ELEMENTS_pVE Perform Double CLick Action" classname="elements.spec.js" time="0.083">
</testcase>
<testcase name="TC09_ELEMENTS_pVE New Tab Open Test" classname="elements.spec.js" time="0.822">
</testcase>
</testsuite>
</testsuites>